{
  "stats": {
    "suites": 2,
    "tests": 16,
    "passes": 16,
    "pending": 0,
    "failures": 0,
    "start": "2021-06-28T02:46:08.942Z",
    "end": "2021-06-28T02:47:25.083Z",
    "duration": 76141,
    "testsRegistered": 16,
    "passPercent": 100,
    "pendingPercent": 0,
    "other": 0,
    "hasOther": false,
    "skipped": 0,
    "hasSkipped": false
  },
  "results": [
    {
      "uuid": "325a04ae-5903-402d-8c4d-e5478e84dd48",
      "title": "",
      "fullFile": "",
      "file": "",
      "beforeHooks": [],
      "afterHooks": [],
      "tests": [],
      "suites": [
        {
          "uuid": "2a37c018-875f-4628-a251-b551e19193c3",
          "title": "Test E2E Metrocuadrado - Formulario cuotas",
          "fullFile": "/home/naibe/Projects/prueba-e2e-tyba/e2e/calculadora-credito/formulario-cuotas.js",
          "file": "/e2e/calculadora-credito/formulario-cuotas.js",
          "beforeHooks": [
            {
              "title": "\"before all\" hook",
              "fullTitle": "Test E2E Metrocuadrado - Formulario cuotas \"before all\" hook",
              "timedOut": false,
              "duration": 7,
              "state": null,
              "speed": null,
              "pass": false,
              "fail": false,
              "pending": false,
              "context": null,
              "code": "const driver = new ChromeDriver();\nbrowser = driver.browser;",
              "err": {},
              "uuid": "97127739-2936-4c92-bd94-16a20d7630f7",
              "parentUUID": "2a37c018-875f-4628-a251-b551e19193c3",
              "isHook": true,
              "skipped": false
            },
            {
              "title": "\"before each\" hook",
              "fullTitle": "Test E2E Metrocuadrado - Formulario cuotas \"before each\" hook",
              "timedOut": false,
              "duration": 4500,
              "state": null,
              "speed": null,
              "pass": false,
              "fail": false,
              "pending": false,
              "context": null,
              "code": "browser.get(URL).then(function () {\n  browser.sleep(2000).then(function () {\n    browser\n      .findElement(By.xpath(QUERIES.tab))\n      .click()\n      .then(function () {\n        done();\n      });\n  });\n});",
              "err": {},
              "uuid": "2e471639-89a5-44f2-9ed4-22f78a6949b1",
              "parentUUID": "2a37c018-875f-4628-a251-b551e19193c3",
              "isHook": true,
              "skipped": false
            }
          ],
          "afterHooks": [],
          "tests": [
            {
              "title": "Debe recorrer el camino feliz",
              "fullTitle": "Test E2E Metrocuadrado - Formulario cuotas Debe recorrer el camino feliz",
              "timedOut": false,
              "duration": 102,
              "state": "passed",
              "speed": "slow",
              "pass": true,
              "fail": false,
              "pending": false,
              "context": null,
              "code": "browser\n  .findElement(By.xpath(QUERIES.form + QUERIES.input))\n  .sendKeys(VALUES.input.valid.toString())\n  .then(function () {\n    browser\n      .findElement(By.xpath(QUERIES.form + QUERIES.dropdown.opt5))\n      .click();\n  })\n  .then(function () {\n    browser.findElement(By.xpath(QUERIES.form + QUERIES.submit)).click();\n  })\n  .then(function () {\n    browser\n      .wait(until.elementLocated(By.xpath(QUERIES.table)))\n      .then(function () {\n        expect(\n          browser.findElement(By.xpath(QUERIES.table))\n        ).to.eventually.exist;\n        done();\n      });\n  });",
              "err": {},
              "uuid": "6be0ff11-e2ab-491b-a998-149b9231aab0",
              "parentUUID": "2a37c018-875f-4628-a251-b551e19193c3",
              "isHook": false,
              "skipped": false
            },
            {
              "title": "Formulario deshabilitado si el input no tiene algun valor",
              "fullTitle": "Test E2E Metrocuadrado - Formulario cuotas Formulario deshabilitado si el input no tiene algun valor",
              "timedOut": false,
              "duration": 61,
              "state": "passed",
              "speed": "medium",
              "pass": true,
              "fail": false,
              "pending": false,
              "context": null,
              "code": "const inputValue = \"\";\nbrowser\n  .findElement(By.xpath(QUERIES.form + QUERIES.input))\n  .getAttribute(\"value\")\n  .then(function (attr) {\n    expect(attr).to.equal(inputValue);\n  })\n  .then(function () {\n    browser\n      .findElement(By.xpath(QUERIES.form + QUERIES.submit))\n      .getAttribute(\"disabled\")\n      .then(function (attr) {\n        expect(attr).to.equal(\"true\");\n        done();\n      });\n  });",
              "err": {},
              "uuid": "cd17ebdf-c679-4776-b39c-109e4aa43dfc",
              "parentUUID": "2a37c018-875f-4628-a251-b551e19193c3",
              "isHook": false,
              "skipped": false
            },
            {
              "title": "Formulario deshabilitado si el input tiene el valor minimo -1",
              "fullTitle": "Test E2E Metrocuadrado - Formulario cuotas Formulario deshabilitado si el input tiene el valor minimo -1",
              "timedOut": false,
              "duration": 97,
              "state": "passed",
              "speed": "slow",
              "pass": true,
              "fail": false,
              "pending": false,
              "context": null,
              "code": "const inputValue = (VALUES.input.min - 1).toString();\nbrowser\n  .findElement(By.xpath(QUERIES.form + QUERIES.input))\n  .sendKeys(inputValue)\n  .then(function () {\n    browser\n      .findElement(By.xpath(QUERIES.form + QUERIES.input))\n      .getAttribute(\"value\")\n      .then(function (attr) {\n        expect(attr).to.equal(inputValue);\n      });\n  })\n  .then(function () {\n    browser\n      .findElement(By.xpath(QUERIES.form + QUERIES.submit))\n      .getAttribute(\"disabled\")\n      .then(function (attr) {\n        expect(attr).to.equal(\"true\");\n        done();\n      });\n  });",
              "err": {},
              "uuid": "9f45aaeb-5b4d-4945-8ffd-4582e1713232",
              "parentUUID": "2a37c018-875f-4628-a251-b551e19193c3",
              "isHook": false,
              "skipped": false
            },
            {
              "title": "Formulario habilitado si el input tiene el valor minimo",
              "fullTitle": "Test E2E Metrocuadrado - Formulario cuotas Formulario habilitado si el input tiene el valor minimo",
              "timedOut": false,
              "duration": 120,
              "state": "passed",
              "speed": "slow",
              "pass": true,
              "fail": false,
              "pending": false,
              "context": null,
              "code": "const inputValue = VALUES.input.min.toString();\nbrowser\n  .findElement(By.xpath(QUERIES.form + QUERIES.input))\n  .sendKeys(inputValue)\n  .then(function () {\n    browser\n      .findElement(By.xpath(QUERIES.form + QUERIES.input))\n      .getAttribute(\"value\")\n      .then(function (attr) {\n        expect(attr).to.equal(inputValue);\n      });\n  })\n  .then(function () {\n    browser\n      .findElement(By.xpath(QUERIES.form + QUERIES.submit))\n      .getAttribute(\"disabled\")\n      .then(function (attr) {\n        expect(attr).to.be.null;\n        done();\n      });\n  });",
              "err": {},
              "uuid": "69f61e7d-b691-4fca-878a-20464c09e197",
              "parentUUID": "2a37c018-875f-4628-a251-b551e19193c3",
              "isHook": false,
              "skipped": false
            },
            {
              "title": "Formulario habilitado si el input tiene el valor minimo +1",
              "fullTitle": "Test E2E Metrocuadrado - Formulario cuotas Formulario habilitado si el input tiene el valor minimo +1",
              "timedOut": false,
              "duration": 108,
              "state": "passed",
              "speed": "slow",
              "pass": true,
              "fail": false,
              "pending": false,
              "context": null,
              "code": "const inputValue = (VALUES.input.min + 1).toString();\nbrowser\n  .findElement(By.xpath(QUERIES.form + QUERIES.input))\n  .sendKeys(inputValue)\n  .then(function () {\n    browser\n      .findElement(By.xpath(QUERIES.form + QUERIES.input))\n      .getAttribute(\"value\")\n      .then(function (attr) {\n        expect(attr).to.equal(inputValue);\n      });\n  })\n  .then(function () {\n    browser\n      .findElement(By.xpath(QUERIES.form + QUERIES.submit))\n      .getAttribute(\"disabled\")\n      .then(function (attr) {\n        expect(attr).to.be.null;\n        done();\n      });\n  });",
              "err": {},
              "uuid": "7358d360-4acc-4592-a571-9fad1f847cd2",
              "parentUUID": "2a37c018-875f-4628-a251-b551e19193c3",
              "isHook": false,
              "skipped": false
            },
            {
              "title": "Formulario habilitado si el input tiene el valor maximo -1",
              "fullTitle": "Test E2E Metrocuadrado - Formulario cuotas Formulario habilitado si el input tiene el valor maximo -1",
              "timedOut": false,
              "duration": 105,
              "state": "passed",
              "speed": "slow",
              "pass": true,
              "fail": false,
              "pending": false,
              "context": null,
              "code": "const inputValue = (VALUES.input.max - 1).toString();\nbrowser\n  .findElement(By.xpath(QUERIES.form + QUERIES.input))\n  .sendKeys(inputValue)\n  .then(function () {\n    browser\n      .findElement(By.xpath(QUERIES.form + QUERIES.input))\n      .getAttribute(\"value\")\n      .then(function (attr) {\n        expect(attr).to.equal(inputValue);\n      });\n  })\n  .then(function () {\n    browser\n      .findElement(By.xpath(QUERIES.form + QUERIES.submit))\n      .getAttribute(\"disabled\")\n      .then(function (attr) {\n        expect(attr).to.be.null;\n        done();\n      });\n  });",
              "err": {},
              "uuid": "55e0a024-5bd0-4d9e-b85e-0d1ade4c6680",
              "parentUUID": "2a37c018-875f-4628-a251-b551e19193c3",
              "isHook": false,
              "skipped": false
            },
            {
              "title": "Formulario habilitado si el input tiene el valor maximo",
              "fullTitle": "Test E2E Metrocuadrado - Formulario cuotas Formulario habilitado si el input tiene el valor maximo",
              "timedOut": false,
              "duration": 124,
              "state": "passed",
              "speed": "slow",
              "pass": true,
              "fail": false,
              "pending": false,
              "context": null,
              "code": "const inputValue = VALUES.input.max.toString();\nbrowser\n  .findElement(By.xpath(QUERIES.form + QUERIES.input))\n  .sendKeys(inputValue)\n  .then(function () {\n    browser\n      .findElement(By.xpath(QUERIES.form + QUERIES.input))\n      .getAttribute(\"value\")\n      .then(function (attr) {\n        expect(attr).to.equal(inputValue);\n      });\n  })\n  .then(function () {\n    browser\n      .findElement(By.xpath(QUERIES.form + QUERIES.submit))\n      .getAttribute(\"disabled\")\n      .then(function (attr) {\n        expect(attr).to.be.null;\n        done();\n      });\n  });",
              "err": {},
              "uuid": "16832e0f-45ca-4d96-bfb0-dd69f4f63fe3",
              "parentUUID": "2a37c018-875f-4628-a251-b551e19193c3",
              "isHook": false,
              "skipped": false
            },
            {
              "title": "Input solo permite agregar 10 digitos",
              "fullTitle": "Test E2E Metrocuadrado - Formulario cuotas Input solo permite agregar 10 digitos",
              "timedOut": false,
              "duration": 125,
              "state": "passed",
              "speed": "slow",
              "pass": true,
              "fail": false,
              "pending": false,
              "context": null,
              "code": "const inputValue = (VALUES.input.max + 1).toString();\nbrowser\n  .findElement(By.xpath(QUERIES.form + QUERIES.input))\n  .sendKeys(inputValue)\n  .then(function () {\n    browser\n      .findElement(By.xpath(QUERIES.form + QUERIES.input))\n      .getAttribute(\"value\")\n      .then(function (attr) {\n        expect(attr).to.not.equal(inputValue);\n        expect(attr.length).to.equal(10);\n        done();\n      });\n  });",
              "err": {},
              "uuid": "ae532a88-6f12-47f0-bb13-74b8ee9d70dd",
              "parentUUID": "2a37c018-875f-4628-a251-b551e19193c3",
              "isHook": false,
              "skipped": false
            }
          ],
          "suites": [],
          "passes": [
            "6be0ff11-e2ab-491b-a998-149b9231aab0",
            "cd17ebdf-c679-4776-b39c-109e4aa43dfc",
            "9f45aaeb-5b4d-4945-8ffd-4582e1713232",
            "69f61e7d-b691-4fca-878a-20464c09e197",
            "7358d360-4acc-4592-a571-9fad1f847cd2",
            "55e0a024-5bd0-4d9e-b85e-0d1ade4c6680",
            "16832e0f-45ca-4d96-bfb0-dd69f4f63fe3",
            "ae532a88-6f12-47f0-bb13-74b8ee9d70dd"
          ],
          "failures": [],
          "pending": [],
          "skipped": [],
          "duration": 842,
          "root": false,
          "rootEmpty": false,
          "_timeout": 20000
        },
        {
          "uuid": "05fbbf14-05d1-4969-ad6d-4becc8e83680",
          "title": "Test E2E Metrocuadrado - Formulario prestamo",
          "fullFile": "/home/naibe/Projects/prueba-e2e-tyba/e2e/calculadora-credito/formulario-prestamo.js",
          "file": "/e2e/calculadora-credito/formulario-prestamo.js",
          "beforeHooks": [
            {
              "title": "\"before all\" hook",
              "fullTitle": "Test E2E Metrocuadrado - Formulario prestamo \"before all\" hook",
              "timedOut": false,
              "duration": 0,
              "state": null,
              "speed": null,
              "pass": false,
              "fail": false,
              "pending": false,
              "context": null,
              "code": "const driver = new ChromeDriver();\nbrowser = driver.browser;",
              "err": {},
              "uuid": "92a6a57e-465f-4dc4-b273-5717df2ecd4b",
              "parentUUID": "05fbbf14-05d1-4969-ad6d-4becc8e83680",
              "isHook": true,
              "skipped": false
            },
            {
              "title": "\"before each\" hook",
              "fullTitle": "Test E2E Metrocuadrado - Formulario prestamo \"before each\" hook",
              "timedOut": false,
              "duration": 4131,
              "state": null,
              "speed": null,
              "pass": false,
              "fail": false,
              "pending": false,
              "context": null,
              "code": "browser.get(URL).then(function () {\n  browser.sleep(2000).then(function () {\n    done();\n  });\n});",
              "err": {},
              "uuid": "f27ce79e-7860-4168-bdf1-397e30d4f68c",
              "parentUUID": "05fbbf14-05d1-4969-ad6d-4becc8e83680",
              "isHook": true,
              "skipped": false
            }
          ],
          "afterHooks": [],
          "tests": [
            {
              "title": "Debe recorrer el camino feliz",
              "fullTitle": "Test E2E Metrocuadrado - Formulario prestamo Debe recorrer el camino feliz",
              "timedOut": false,
              "duration": 272,
              "state": "passed",
              "speed": "slow",
              "pass": true,
              "fail": false,
              "pending": false,
              "context": null,
              "code": "browser\n  .findElement(By.xpath(QUERIES.form + QUERIES.input))\n  .sendKeys(VALUES.input.valid.toString())\n  .then(function () {\n    browser\n      .findElement(By.xpath(QUERIES.form + QUERIES.dropdown.opt5))\n      .click();\n  })\n  .then(function () {\n    browser.findElement(By.xpath(QUERIES.form + QUERIES.submit)).click();\n  })\n  .then(function () {\n    browser\n      .wait(until.elementLocated(By.xpath(QUERIES.table)))\n      .then(function () {\n        expect(\n          browser.findElement(By.xpath(QUERIES.table))\n        ).to.eventually.exist;\n        done();\n      });\n  });",
              "err": {},
              "uuid": "1f7ddc9f-fdb9-4be6-b471-47e02129bc83",
              "parentUUID": "05fbbf14-05d1-4969-ad6d-4becc8e83680",
              "isHook": false,
              "skipped": false
            },
            {
              "title": "Formulario deshabilitado si el input no tiene algun valor",
              "fullTitle": "Test E2E Metrocuadrado - Formulario prestamo Formulario deshabilitado si el input no tiene algun valor",
              "timedOut": false,
              "duration": 105,
              "state": "passed",
              "speed": "slow",
              "pass": true,
              "fail": false,
              "pending": false,
              "context": null,
              "code": "const inputValue = \"\";\nbrowser\n  .findElement(By.xpath(QUERIES.form + QUERIES.input))\n  .getAttribute(\"value\")\n  .then(function (attr) {\n    expect(attr).to.equal(inputValue);\n  })\n  .then(function () {\n    browser\n      .findElement(By.xpath(QUERIES.form + QUERIES.submit))\n      .getAttribute(\"disabled\")\n      .then(function (attr) {\n        expect(attr).to.equal(\"true\");\n        done();\n      });\n  });",
              "err": {},
              "uuid": "4c627ba9-9feb-4f7d-b8d0-78d30b22236d",
              "parentUUID": "05fbbf14-05d1-4969-ad6d-4becc8e83680",
              "isHook": false,
              "skipped": false
            },
            {
              "title": "Formulario deshabilitado si el input tiene el valor minimo -1",
              "fullTitle": "Test E2E Metrocuadrado - Formulario prestamo Formulario deshabilitado si el input tiene el valor minimo -1",
              "timedOut": false,
              "duration": 242,
              "state": "passed",
              "speed": "slow",
              "pass": true,
              "fail": false,
              "pending": false,
              "context": null,
              "code": "const inputValue = (VALUES.input.min - 1).toString();\nbrowser\n  .findElement(By.xpath(QUERIES.form + QUERIES.input))\n  .sendKeys(inputValue)\n  .then(function () {\n    browser\n      .findElement(By.xpath(QUERIES.form + QUERIES.input))\n      .getAttribute(\"value\")\n      .then(function (attr) {\n        expect(attr).to.equal(inputValue);\n      });\n  })\n  .then(function () {\n    browser\n      .findElement(By.xpath(QUERIES.form + QUERIES.submit))\n      .getAttribute(\"disabled\")\n      .then(function (attr) {\n        expect(attr).to.equal(\"true\");\n        done();\n      });\n  });",
              "err": {},
              "uuid": "218bad63-b4db-4fa2-8261-f96d64b94fd9",
              "parentUUID": "05fbbf14-05d1-4969-ad6d-4becc8e83680",
              "isHook": false,
              "skipped": false
            },
            {
              "title": "Formulario habilitado si el input tiene el valor minimo",
              "fullTitle": "Test E2E Metrocuadrado - Formulario prestamo Formulario habilitado si el input tiene el valor minimo",
              "timedOut": false,
              "duration": 143,
              "state": "passed",
              "speed": "slow",
              "pass": true,
              "fail": false,
              "pending": false,
              "context": null,
              "code": "const inputValue = VALUES.input.min.toString();\nbrowser\n  .findElement(By.xpath(QUERIES.form + QUERIES.input))\n  .sendKeys(inputValue)\n  .then(function () {\n    browser\n      .findElement(By.xpath(QUERIES.form + QUERIES.input))\n      .getAttribute(\"value\")\n      .then(function (attr) {\n        expect(attr).to.equal(inputValue);\n      });\n  })\n  .then(function () {\n    browser\n      .findElement(By.xpath(QUERIES.form + QUERIES.submit))\n      .getAttribute(\"disabled\")\n      .then(function (attr) {\n        expect(attr).to.be.null;\n        done();\n      });\n  });",
              "err": {},
              "uuid": "515e3186-302c-41d7-9c4d-0c3dd6aaaa30",
              "parentUUID": "05fbbf14-05d1-4969-ad6d-4becc8e83680",
              "isHook": false,
              "skipped": false
            },
            {
              "title": "Formulario habilitado si el input tiene el valor minimo +1",
              "fullTitle": "Test E2E Metrocuadrado - Formulario prestamo Formulario habilitado si el input tiene el valor minimo +1",
              "timedOut": false,
              "duration": 263,
              "state": "passed",
              "speed": "slow",
              "pass": true,
              "fail": false,
              "pending": false,
              "context": null,
              "code": "const inputValue = (VALUES.input.min + 1).toString();\nbrowser\n  .findElement(By.xpath(QUERIES.form + QUERIES.input))\n  .sendKeys(inputValue)\n  .then(function () {\n    browser\n      .findElement(By.xpath(QUERIES.form + QUERIES.input))\n      .getAttribute(\"value\")\n      .then(function (attr) {\n        expect(attr).to.equal(inputValue);\n      });\n  })\n  .then(function () {\n    browser\n      .findElement(By.xpath(QUERIES.form + QUERIES.submit))\n      .getAttribute(\"disabled\")\n      .then(function (attr) {\n        expect(attr).to.be.null;\n        done();\n      });\n  });",
              "err": {},
              "uuid": "24c1bbfd-225c-49e6-851c-46c86b9f869c",
              "parentUUID": "05fbbf14-05d1-4969-ad6d-4becc8e83680",
              "isHook": false,
              "skipped": false
            },
            {
              "title": "Formulario habilitado si el input tiene el valor maximo -1",
              "fullTitle": "Test E2E Metrocuadrado - Formulario prestamo Formulario habilitado si el input tiene el valor maximo -1",
              "timedOut": false,
              "duration": 243,
              "state": "passed",
              "speed": "slow",
              "pass": true,
              "fail": false,
              "pending": false,
              "context": null,
              "code": "const inputValue = (VALUES.input.max - 1).toString();\nbrowser\n  .findElement(By.xpath(QUERIES.form + QUERIES.input))\n  .sendKeys(inputValue)\n  .then(function () {\n    browser\n      .findElement(By.xpath(QUERIES.form + QUERIES.input))\n      .getAttribute(\"value\")\n      .then(function (attr) {\n        expect(attr).to.equal(inputValue);\n      });\n  })\n  .then(function () {\n    browser\n      .findElement(By.xpath(QUERIES.form + QUERIES.submit))\n      .getAttribute(\"disabled\")\n      .then(function (attr) {\n        expect(attr).to.be.null;\n        done();\n      });\n  });",
              "err": {},
              "uuid": "0b4f83ea-96c9-43c6-b007-0c2f45c82848",
              "parentUUID": "05fbbf14-05d1-4969-ad6d-4becc8e83680",
              "isHook": false,
              "skipped": false
            },
            {
              "title": "Formulario habilitado si el input tiene el valor maximo",
              "fullTitle": "Test E2E Metrocuadrado - Formulario prestamo Formulario habilitado si el input tiene el valor maximo",
              "timedOut": false,
              "duration": 255,
              "state": "passed",
              "speed": "slow",
              "pass": true,
              "fail": false,
              "pending": false,
              "context": null,
              "code": "const inputValue = VALUES.input.max.toString();\nbrowser\n  .findElement(By.xpath(QUERIES.form + QUERIES.input))\n  .sendKeys(inputValue)\n  .then(function () {\n    browser\n      .findElement(By.xpath(QUERIES.form + QUERIES.input))\n      .getAttribute(\"value\")\n      .then(function (attr) {\n        expect(attr).to.equal(inputValue);\n      });\n  })\n  .then(function () {\n    browser\n      .findElement(By.xpath(QUERIES.form + QUERIES.submit))\n      .getAttribute(\"disabled\")\n      .then(function (attr) {\n        expect(attr).to.be.null;\n        done();\n      });\n  });",
              "err": {},
              "uuid": "df74bfb2-b1fd-42ee-a355-c2f940f152d6",
              "parentUUID": "05fbbf14-05d1-4969-ad6d-4becc8e83680",
              "isHook": false,
              "skipped": false
            },
            {
              "title": "Input solo permite agregar 9 digitos",
              "fullTitle": "Test E2E Metrocuadrado - Formulario prestamo Input solo permite agregar 9 digitos",
              "timedOut": false,
              "duration": 216,
              "state": "passed",
              "speed": "slow",
              "pass": true,
              "fail": false,
              "pending": false,
              "context": null,
              "code": "const inputValue = (VALUES.input.max + 1).toString();\nbrowser\n  .findElement(By.xpath(QUERIES.form + QUERIES.input))\n  .sendKeys(inputValue)\n  .then(function () {\n    browser\n      .findElement(By.xpath(QUERIES.form + QUERIES.input))\n      .getAttribute(\"value\")\n      .then(function (attr) {\n        expect(attr).to.not.equal(inputValue);\n        expect(attr.length).to.equal(9);\n        done();\n      });\n  });",
              "err": {},
              "uuid": "f933986b-ae9b-44bd-b8dd-86449b1722ef",
              "parentUUID": "05fbbf14-05d1-4969-ad6d-4becc8e83680",
              "isHook": false,
              "skipped": false
            }
          ],
          "suites": [],
          "passes": [
            "1f7ddc9f-fdb9-4be6-b471-47e02129bc83",
            "4c627ba9-9feb-4f7d-b8d0-78d30b22236d",
            "218bad63-b4db-4fa2-8261-f96d64b94fd9",
            "515e3186-302c-41d7-9c4d-0c3dd6aaaa30",
            "24c1bbfd-225c-49e6-851c-46c86b9f869c",
            "0b4f83ea-96c9-43c6-b007-0c2f45c82848",
            "df74bfb2-b1fd-42ee-a355-c2f940f152d6",
            "f933986b-ae9b-44bd-b8dd-86449b1722ef"
          ],
          "failures": [],
          "pending": [],
          "skipped": [],
          "duration": 1739,
          "root": false,
          "rootEmpty": false,
          "_timeout": 20000
        }
      ],
      "passes": [],
      "failures": [],
      "pending": [],
      "skipped": [],
      "duration": 0,
      "root": true,
      "rootEmpty": true,
      "_timeout": 20000
    }
  ],
  "meta": {
    "mocha": {
      "version": "8.0.1"
    },
    "mochawesome": {
      "options": {
        "quiet": false,
        "reportFilename": "mochawesome",
        "saveHtml": true,
        "saveJson": true,
        "consoleReporter": "spec",
        "useInlineDiffs": false,
        "code": true
      },
      "version": "6.1.1"
    },
    "marge": {
      "options": null,
      "version": "5.1.0"
    }
  }
}